WARNING:root:For Col 0 Row 0 on 2019-11-23, reference image after 2019-11-23 not found and hence skipped
WARNING:root:For Col 0 Row 0 on 2014-09-01, reference image before 2014-09-01 not found and hence skipped
WARNING:root:For Col 0 Row 1 on 2019-11-23, reference image after 2019-11-23 not found and hence skipped
WARNING:root:For Col 0 Row 1 on 2014-09-01, reference image before 2014-09-01 not found and hence skipped
WARNING:root:For Col 0 Row 2 on 2019-11-23, reference image after 2019-11-23 not found and hence skipped
WARNING:root:For Col 0 Row 2 on 2014-09-01, reference image before 2014-09-01 not found and hence skipped
WARNING:root:For Col 1 Row 0 on 2019-11-23, reference image after 2019-11-23 not found and hence skipped
WARNING:root:For Col 1 Row 0 on 2014-09-01, reference image before 2014-09-01 not found and hence skipped
WARNING:root:For Col 1 Row 1 on 2019-11-23, reference image after 2019-11-23 not found and hence skipped
WARNING:root:For Col 1 Row 1 on 2014-09-01, reference image before 2014-09-01 not found and hence skipped
WARNING:root:For Col 1 Row 2 on 2019-11-23, reference image after 2019-11-23 not found and hence skipped
WARNING:root:For Col 1 Row 2 on 2014-09-01, reference image before 2014-09-01 not found and hence skipped
WARNING:root:For Col 2 Row 0 on 2019-11-23, reference image after 2019-11-23 not found and hence skipped
WARNING:root:For Col 2 Row 0 on 2014-09-01, reference image before 2014-09-01 not found and hence skipped
WARNING:root:For Col 2 Row 1 on 2019-11-23, reference image after 2019-11-23 not found and hence skipped
WARNING:root:For Col 2 Row 1 on 2014-09-01, reference image before 2014-09-01 not found and hence skipped
WARNING:root:For Col 2 Row 2 on 2019-11-23, reference image after 2019-11-23 not found and hence skipped
WARNING:root:For Col 2 Row 2 on 2014-09-01, reference image before 2014-09-01 not found and hence skipped
WARNING:root:For Col 0 Row 0 on 2019-11-23, reference image after 2019-11-23 not found and hence skipped
WARNING:root:For Col 0 Row 0 on 2014-09-01, reference image before 2014-09-01 not found and hence skipped
WARNING:root:For Col 0 Row 1 on 2019-11-23, reference image after 2019-11-23 not found and hence skipped
WARNING:root:For Col 0 Row 1 on 2014-09-01, reference image before 2014-09-01 not found and hence skipped
WARNING:root:For Col 0 Row 2 on 2019-11-23, reference image after 2019-11-23 not found and hence skipped
WARNING:root:For Col 0 Row 2 on 2014-09-01, reference image before 2014-09-01 not found and hence skipped
WARNING:root:For Col 1 Row 0 on 2019-11-23, reference image after 2019-11-23 not found and hence skipped
WARNING:root:For Col 1 Row 0 on 2014-09-01, reference image before 2014-09-01 not found and hence skipped
WARNING:root:For Col 1 Row 1 on 2019-11-23, reference image after 2019-11-23 not found and hence skipped
WARNING:root:For Col 1 Row 1 on 2014-09-01, reference image before 2014-09-01 not found and hence skipped
WARNING:root:For Col 1 Row 2 on 2019-11-23, reference image after 2019-11-23 not found and hence skipped
WARNING:root:For Col 1 Row 2 on 2014-09-01, reference image before 2014-09-01 not found and hence skipped
WARNING:root:For Col 2 Row 0 on 2019-11-23, reference image after 2019-11-23 not found and hence skipped
WARNING:root:For Col 2 Row 0 on 2014-09-01, reference image before 2014-09-01 not found and hence skipped
WARNING:root:For Col 2 Row 1 on 2019-11-23, reference image after 2019-11-23 not found and hence skipped
WARNING:root:For Col 2 Row 1 on 2014-09-01, reference image before 2014-09-01 not found and hence skipped
WARNING:root:For Col 2 Row 2 on 2019-11-23, reference image after 2019-11-23 not found and hence skipped
WARNING:root:For Col 2 Row 2 on 2014-09-01, reference image before 2014-09-01 not found and hence skipped
WARNING:root:For Col 0 Row 0 on 2017-09-01, reference image before 2017-09-01 not found and hence skipped
WARNING:root:For Col 0 Row 1 on 2017-09-01, reference image before 2017-09-01 not found and hence skipped
WARNING:root:For Col 0 Row 0 on 2017-09-01, reference image before 2017-09-01 not found and hence skipped
WARNING:root:For Col 0 Row 1 on 2017-09-01, reference image before 2017-09-01 not found and hence skipped
WARNING:root:For Col 0 Row 0 on 2017-09-01, reference image before 2017-09-01 not found and hence skipped
WARNING:root:For Col 0 Row 1 on 2017-09-01, reference image before 2017-09-01 not found and hence skipped
WARNING:root:For Col 0 Row 0 on 2017-09-01, reference image before 2017-09-01 not found and hence skipped
WARNING:root:For Col 0 Row 1 on 2017-09-01, reference image before 2017-09-01 not found and hence skipped
WARNING:root:modisC0R0_327_23-Nov-2017 at (col, row): (0, 0) exported with final state: COMPLETED
WARNING:root:modisC0R0_321_17-Nov-2017 at (col, row): (0, 1) exported with final state: COMPLETED
WARNING:root:modisC0R0_328_24-Nov-2017 at (col, row): (0, 2) exported with final state: COMPLETED
WARNING:root:modisC0R1_327_23-Nov-2017 at (col, row): (0, 3) exported with final state: COMPLETED
WARNING:root:modisC0R1_321_17-Nov-2017 at (col, row): (0, 4) exported with final state: COMPLETED
WARNING:root:modisC0R1_328_24-Nov-2017 at (col, row): (0, 5) exported with final state: COMPLETED
WARNING:root:modisC0R2_327_23-Nov-2017 at (col, row): (0, 6) exported with final state: COMPLETED
WARNING:root:modisC0R2_321_17-Nov-2017 at (col, row): (0, 7) exported with final state: COMPLETED
WARNING:root:modisC0R2_328_24-Nov-2017 at (col, row): (0, 8) exported with final state: COMPLETED
WARNING:root:modisC0R2_244_01-Sep-2017 at (col, row): (0, 9) exported with final state: COMPLETED
WARNING:root:modisC0R2_241_29-Aug-2017 at (col, row): (0, 10) exported with final state: COMPLETED
WARNING:root:modisC0R2_248_05-Sep-2017 at (col, row): (0, 11) exported with final state: COMPLETED
WARNING:root:modisC1R0_327_23-Nov-2017 at (col, row): (1, 0) exported with final state: COMPLETED
WARNING:root:modisC1R0_321_17-Nov-2017 at (col, row): (1, 1) exported with final state: COMPLETED
WARNING:root:modisC1R0_328_24-Nov-2017 at (col, row): (1, 2) exported with final state: COMPLETED
WARNING:root:modisC1R0_244_01-Sep-2017 at (col, row): (1, 3) exported with final state: COMPLETED
WARNING:root:modisC1R0_241_29-Aug-2017 at (col, row): (1, 4) exported with final state: COMPLETED
WARNING:root:modisC1R0_248_05-Sep-2017 at (col, row): (1, 5) exported with final state: COMPLETED
WARNING:root:modisC1R1_327_23-Nov-2017 at (col, row): (1, 6) exported with final state: COMPLETED
WARNING:root:modisC1R1_321_17-Nov-2017 at (col, row): (1, 7) exported with final state: COMPLETED
WARNING:root:modisC1R1_328_24-Nov-2017 at (col, row): (1, 8) exported with final state: COMPLETED
WARNING:root:modisC0R0_327_23-Nov-2017 at (col, row): (0, 0) exported with final state: COMPLETED
WARNING:root:modisC0R0_321_17-Nov-2017 at (col, row): (0, 1) exported with final state: COMPLETED
WARNING:root:modisC0R0_328_24-Nov-2017 at (col, row): (0, 2) exported with final state: COMPLETED
WARNING:root:modisC0R1_327_23-Nov-2017 at (col, row): (0, 3) exported with final state: COMPLETED
WARNING:root:modisC0R1_321_17-Nov-2017 at (col, row): (0, 4) exported with final state: COMPLETED
WARNING:root:modisC0R1_328_24-Nov-2017 at (col, row): (0, 5) exported with final state: COMPLETED
WARNING:root:modisC0R2_327_23-Nov-2017 at (col, row): (0, 6) exported with final state: COMPLETED
WARNING:root:modisC0R2_321_17-Nov-2017 at (col, row): (0, 7) exported with final state: COMPLETED
WARNING:root:modisC0R2_328_24-Nov-2017 at (col, row): (0, 8) exported with final state: COMPLETED
WARNING:root:modisC0R2_244_01-Sep-2017 at (col, row): (0, 9) exported with final state: COMPLETED
WARNING:root:modisC0R2_241_29-Aug-2017 at (col, row): (0, 10) exported with final state: COMPLETED
WARNING:root:modisC0R2_248_05-Sep-2017 at (col, row): (0, 11) exported with final state: COMPLETED
WARNING:root:modisC1R0_327_23-Nov-2017 at (col, row): (1, 0) exported with final state: COMPLETED
WARNING:root:modisC1R0_321_17-Nov-2017 at (col, row): (1, 1) exported with final state: COMPLETED
WARNING:root:modisC1R0_328_24-Nov-2017 at (col, row): (1, 2) exported with final state: COMPLETED
WARNING:root:modisC1R0_244_01-Sep-2017 at (col, row): (1, 3) exported with final state: COMPLETED
WARNING:root:modisC1R0_241_29-Aug-2017 at (col, row): (1, 4) exported with final state: COMPLETED
WARNING:root:modisC1R0_248_05-Sep-2017 at (col, row): (1, 5) exported with final state: COMPLETED
WARNING:root:modisC1R1_327_23-Nov-2017 at (col, row): (1, 6) exported with final state: COMPLETED
WARNING:root:modisC1R1_321_17-Nov-2017 at (col, row): (1, 7) exported with final state: COMPLETED
WARNING:root:modisC1R1_328_24-Nov-2017 at (col, row): (1, 8) exported with final state: COMPLETED
WARNING:root:modisC1R1_244_01-Sep-2017 at (col, row): (1, 9) exported with final state: COMPLETED
WARNING:root:modisC1R1_241_29-Aug-2017 at (col, row): (1, 10) exported with final state: COMPLETED
WARNING:root:modisC1R1_248_05-Sep-2017 at (col, row): (1, 11) exported with final state: COMPLETED
WARNING:root:modisC1R2_327_23-Nov-2017 at (col, row): (1, 12) exported with final state: COMPLETED
WARNING:root:modisC1R2_321_17-Nov-2017 at (col, row): (1, 13) exported with final state: COMPLETED
WARNING:root:modisC1R2_328_24-Nov-2017 at (col, row): (1, 14) exported with final state: COMPLETED
WARNING:root:modisC1R2_244_01-Sep-2017 at (col, row): (1, 15) exported with final state: COMPLETED
WARNING:root:modisC1R2_241_29-Aug-2017 at (col, row): (1, 16) exported with final state: COMPLETED
WARNING:root:modisC1R2_248_05-Sep-2017 at (col, row): (1, 17) exported with final state: COMPLETED
WARNING:root:modisC2R0_327_23-Nov-2017 at (col, row): (2, 0) exported with final state: COMPLETED
WARNING:root:modisC2R0_312_08-Nov-2017 at (col, row): (2, 1) exported with final state: COMPLETED
WARNING:root:modisC2R0_328_24-Nov-2017 at (col, row): (2, 2) exported with final state: COMPLETED
WARNING:root:modisC2R0_244_01-Sep-2017 at (col, row): (2, 3) exported with final state: COMPLETED
WARNING:root:modisC2R0_241_29-Aug-2017 at (col, row): (2, 4) exported with final state: COMPLETED
WARNING:root:modisC2R0_248_05-Sep-2017 at (col, row): (2, 5) exported with final state: COMPLETED
WARNING:root:modisC2R1_327_23-Nov-2017 at (col, row): (2, 6) exported with final state: COMPLETED
WARNING:root:modisC2R1_321_17-Nov-2017 at (col, row): (2, 7) exported with final state: COMPLETED
WARNING:root:modisC2R1_328_24-Nov-2017 at (col, row): (2, 8) exported with final state: COMPLETED
WARNING:root:modisC2R1_244_01-Sep-2017 at (col, row): (2, 9) exported with final state: COMPLETED
WARNING:root:modisC2R1_241_29-Aug-2017 at (col, row): (2, 10) exported with final state: COMPLETED
WARNING:root:modisC2R1_248_05-Sep-2017 at (col, row): (2, 11) exported with final state: COMPLETED
WARNING:root:modisC2R2_327_23-Nov-2017 at (col, row): (2, 12) exported with final state: COMPLETED
WARNING:root:modisC2R2_321_17-Nov-2017 at (col, row): (2, 13) exported with final state: COMPLETED
WARNING:root:modisC2R2_328_24-Nov-2017 at (col, row): (2, 14) exported with final state: COMPLETED
WARNING:root:modisC2R2_244_01-Sep-2017 at (col, row): (2, 15) exported with final state: COMPLETED
WARNING:root:modisC2R2_241_29-Aug-2017 at (col, row): (2, 16) exported with final state: COMPLETED
WARNING:root:modisC2R2_248_05-Sep-2017 at (col, row): (2, 17) exported with final state: COMPLETED
WARNING:root:ls8C0R0_321_17-Nov-2017 at (col, row): (0, 0) exported with final state: COMPLETED
WARNING:root:ls8C0R0_328_24-Nov-2017 at (col, row): (0, 1) exported with final state: COMPLETED
WARNING:root:ls8C0R1_321_17-Nov-2017 at (col, row): (0, 2) exported with final state: COMPLETED
WARNING:root:ls8C0R1_328_24-Nov-2017 at (col, row): (0, 3) exported with final state: COMPLETED
WARNING:root:ls8C0R2_321_17-Nov-2017 at (col, row): (0, 4) exported with final state: COMPLETED
WARNING:root:ls8C0R2_328_24-Nov-2017 at (col, row): (0, 5) exported with final state: COMPLETED
WARNING:root:ls8C0R2_241_29-Aug-2017 at (col, row): (0, 6) exported with final state: COMPLETED
WARNING:root:ls8C0R2_248_05-Sep-2017 at (col, row): (0, 7) exported with final state: COMPLETED
WARNING:root:ls8C1R0_321_17-Nov-2017 at (col, row): (1, 0) exported with final state: COMPLETED
WARNING:root:ls8C1R0_328_24-Nov-2017 at (col, row): (1, 1) exported with final state: COMPLETED
WARNING:root:ls8C1R0_241_29-Aug-2017 at (col, row): (1, 2) exported with final state: COMPLETED
WARNING:root:ls8C1R0_248_05-Sep-2017 at (col, row): (1, 3) exported with final state: COMPLETED
WARNING:root:ls8C1R1_321_17-Nov-2017 at (col, row): (1, 4) exported with final state: COMPLETED
WARNING:root:ls8C1R1_328_24-Nov-2017 at (col, row): (1, 5) exported with final state: COMPLETED
WARNING:root:ls8C1R1_241_29-Aug-2017 at (col, row): (1, 6) exported with final state: COMPLETED
WARNING:root:ls8C1R1_248_05-Sep-2017 at (col, row): (1, 7) exported with final state: COMPLETED
WARNING:root:ls8C1R2_321_17-Nov-2017 at (col, row): (1, 8) exported with final state: COMPLETED
WARNING:root:ls8C1R2_328_24-Nov-2017 at (col, row): (1, 9) exported with final state: COMPLETED
WARNING:root:ls8C1R2_241_29-Aug-2017 at (col, row): (1, 10) exported with final state: COMPLETED
